# JRE version: OpenJDK Runtime Environment Temurin-21.0.9+10 (21.0.9+10) (build 21.0.9+10-LTS)
# Java VM: OpenJDK 64-Bit Server VM Temurin-21.0.9+10 (21.0.9+10-LTS, mixed mode, sharing, tiered, compressed oops, compressed class ptrs, parallel gc, windows-amd64)
GC Precious Log:
 CardTable entry size: 512
 CPUs: 14 total, 14 available
 Memory: 15836M
 Large Page Support: Disabled
 NUMA Support: Disabled
 Compressed Oops: Enabled (32-bit)
 Alignments: Space 512K, Generation 512K, Heap 2M
 Heap Min Capacity: 100M
 Heap Initial Capacity: 100M
 Heap Max Capacity: 2G
 Pre-touch: Disabled
 Parallel Workers: 11
Heap:
 PSYoungGen      total 10240K, used 8143K [0x00000000d5580000, 0x00000000d6280000, 0x0000000100000000)
  eden space 9216K, 82% used [0x00000000d5580000,0x00000000d5ced558,0x00000000d5e80000)
  from space 1024K, 52% used [0x00000000d5e80000,0x00000000d5f06900,0x00000000d5f80000)
  to   space 1536K, 0% used [0x00000000d6100000,0x00000000d6100000,0x00000000d6280000)
 ParOldGen       total 1106944K, used 1106750K [0x0000000080000000, 0x00000000c3900000, 0x00000000d5580000)
  object space 1106944K, 99% used [0x0000000080000000,0x00000000c38cf960,0x00000000c3900000)
 Metaspace       used 97577K, committed 99328K, reserved 1179648K
  class space    used 9804K, committed 10560K, reserved 1048576K
GC Heap History (20 events):
Event: 75252.990 GC heap before
{Heap before GC invocations=2357 (full 5):
 PSYoungGen      total 11264K, used 10820K [0x00000000d5580000, 0x00000000d6180000, 0x0000000100000000)
  eden space 10240K, 100% used [0x00000000d5580000,0x00000000d5f80000,0x00000000d5f80000)
  from space 1024K, 56% used [0x00000000d6000000,0x00000000d6091210,0x00000000d6100000)
  to   space 512K, 0% used [0x00000000d6100000,0x00000000d6100000,0x00000000d6180000)
 ParOldGen       total 1100800K, used 1100510K [0x0000000080000000, 0x00000000c3300000, 0x00000000d5580000)
  object space 1100800K, 99% used [0x0000000080000000,0x00000000c32b7940,0x00000000c3300000)
 Metaspace       used 97567K, committed 99328K, reserved 1179648K
  class space    used 9803K, committed 10560K, reserved 1048576K
}
Event: 75252.992 GC heap after
{Heap after GC invocations=2357 (full 5):
 PSYoungGen      total 10752K, used 500K [0x00000000d5580000, 0x00000000d6180000, 0x0000000100000000)
  eden space 10240K, 0% used [0x00000000d5580000,0x00000000d5580000,0x00000000d5f80000)
  from space 512K, 97% used [0x00000000d6100000,0x00000000d617d200,0x00000000d6180000)
  to   space 1024K, 0% used [0x00000000d5f80000,0x00000000d5f80000,0x00000000d6080000)
 ParOldGen       total 1100800K, used 1100638K [0x0000000080000000, 0x00000000c3300000, 0x00000000d5580000)
  object space 1100800K, 99% used [0x0000000080000000,0x00000000c32d7940,0x00000000c3300000)
 Metaspace       used 97567K, committed 99328K, reserved 1179648K
  class space    used 9803K, committed 10560K, reserved 1048576K
}
Event: 75253.007 GC heap before
{Heap before GC invocations=2358 (full 5):
 PSYoungGen      total 10752K, used 10740K [0x00000000d5580000, 0x00000000d6180000, 0x0000000100000000)
  eden space 10240K, 100% used [0x00000000d5580000,0x00000000d5f80000,0x00000000d5f80000)
  from space 512K, 97% used [0x00000000d6100000,0x00000000d617d200,0x00000000d6180000)
  to   space 1024K, 0% used [0x00000000d5f80000,0x00000000d5f80000,0x00000000d6080000)
 ParOldGen       total 1100800K, used 1100638K [0x0000000080000000, 0x00000000c3300000, 0x00000000d5580000)
  object space 1100800K, 99% used [0x0000000080000000,0x00000000c32d7940,0x00000000c3300000)
 Metaspace       used 97569K, committed 99328K, reserved 1179648K
  class space    used 9803K, committed 10560K, reserved 1048576K
}
Event: 75253.009 GC heap after
{Heap after GC invocations=2358 (full 5):
 PSYoungGen      total 11264K, used 1023K [0x00000000d5580000, 0x00000000d6580000, 0x0000000100000000)
  eden space 10240K, 0% used [0x00000000d5580000,0x00000000d5580000,0x00000000d5f80000)
  from space 1024K, 99% used [0x00000000d5f80000,0x00000000d607fc08,0x00000000d6080000)
  to   space 3072K, 0% used [0x00000000d6280000,0x00000000d6280000,0x00000000d6580000)
 ParOldGen       total 1102336K, used 1102058K [0x0000000080000000, 0x00000000c3480000, 0x00000000d5580000)
  object space 1102336K, 99% used [0x0000000080000000,0x00000000c343ab40,0x00000000c3480000)
 Metaspace       used 97569K, committed 99328K, reserved 1179648K
  class space    used 9803K, committed 10560K, reserved 1048576K
}
Event: 75253.037 GC heap before
{Heap before GC invocations=2359 (full 5):
 PSYoungGen      total 11264K, used 11263K [0x00000000d5580000, 0x00000000d6580000, 0x0000000100000000)
  eden space 10240K, 100% used [0x00000000d5580000,0x00000000d5f80000,0x00000000d5f80000)
  from space 1024K, 99% used [0x00000000d5f80000,0x00000000d607fc08,0x00000000d6080000)
  to   space 3072K, 0% used [0x00000000d6280000,0x00000000d6280000,0x00000000d6580000)
 ParOldGen       total 1102336K, used 1102058K [0x0000000080000000, 0x00000000c3480000, 0x00000000d5580000)
  object space 1102336K, 99% used [0x0000000080000000,0x00000000c343ab40,0x00000000c3480000)
 Metaspace       used 97569K, committed 99328K, reserved 1179648K
  class space    used 9803K, committed 10560K, reserved 1048576K
}
Event: 75253.040 GC heap after
{Heap after GC invocations=2359 (full 5):
 PSYoungGen      total 12800K, used 2436K [0x00000000d5580000, 0x00000000d6500000, 0x0000000100000000)
  eden space 10240K, 0% used [0x00000000d5580000,0x00000000d5580000,0x00000000d5f80000)
  from space 2560K, 95% used [0x00000000d6280000,0x00000000d64e1040,0x00000000d6500000)
  to   space 2560K, 0% used [0x00000000d6000000,0x00000000d6000000,0x00000000d6280000)
 ParOldGen       total 1102848K, used 1102477K [0x0000000080000000, 0x00000000c3500000, 0x00000000d5580000)
  object space 1102848K, 99% used [0x0000000080000000,0x00000000c34a35c8,0x00000000c3500000)
 Metaspace       used 97569K, committed 99328K, reserved 1179648K
  class space    used 9803K, committed 10560K, reserved 1048576K
}
Event: 75254.310 GC heap before
{Heap before GC invocations=2360 (full 5):
 PSYoungGen      total 12800K, used 12676K [0x00000000d5580000, 0x00000000d6500000, 0x0000000100000000)
  eden space 10240K, 100% used [0x00000000d5580000,0x00000000d5f80000,0x00000000d5f80000)
  from space 2560K, 95% used [0x00000000d6280000,0x00000000d64e1040,0x00000000d6500000)
  to   space 2560K, 0% used [0x00000000d6000000,0x00000000d6000000,0x00000000d6280000)
 ParOldGen       total 1102848K, used 1102477K [0x0000000080000000, 0x00000000c3500000, 0x00000000d5580000)
  object space 1102848K, 99% used [0x0000000080000000,0x00000000c34a35c8,0x00000000c3500000)
 Metaspace       used 97569K, committed 99328K, reserved 1179648K
  class space    used 9803K, committed 10560K, reserved 1048576K
}
Event: 75254.313 GC heap after
{Heap after GC invocations=2360 (full 5):
 PSYoungGen      total 12288K, used 1769K [0x00000000d5580000, 0x00000000d6380000, 0x0000000100000000)
  eden space 10240K, 0% used [0x00000000d5580000,0x00000000d5580000,0x00000000d5f80000)
  from space 2048K, 86% used [0x00000000d6000000,0x00000000d61ba740,0x00000000d6200000)
  to   space 1536K, 0% used [0x00000000d6200000,0x00000000d6200000,0x00000000d6380000)
 ParOldGen       total 1103872K, used 1103743K [0x0000000080000000, 0x00000000c3600000, 0x00000000d5580000)
  object space 1103872K, 99% used [0x0000000080000000,0x00000000c35dfcc0,0x00000000c3600000)
 Metaspace       used 97569K, committed 99328K, reserved 1179648K
  class space    used 9803K, committed 10560K, reserved 1048576K
}
Event: 75254.333 GC heap before
{Heap before GC invocations=2361 (full 5):
 PSYoungGen      total 12288K, used 12009K [0x00000000d5580000, 0x00000000d6380000, 0x0000000100000000)
  eden space 10240K, 100% used [0x00000000d5580000,0x00000000d5f80000,0x00000000d5f80000)
  from space 2048K, 86% used [0x00000000d6000000,0x00000000d61ba740,0x00000000d6200000)
  to   space 1536K, 0% used [0x00000000d6200000,0x00000000d6200000,0x00000000d6380000)
 ParOldGen       total 1103872K, used 1103743K [0x0000000080000000, 0x00000000c3600000, 0x00000000d5580000)
  object space 1103872K, 99% used [0x0000000080000000,0x00000000c35dfcc0,0x00000000c3600000)
 Metaspace       used 97569K, committed 99328K, reserved 1179648K
  class space    used 9803K, committed 10560K, reserved 1048576K
}
Event: 75254.335 GC heap after
{Heap after GC invocations=2361 (full 5):
 PSYoungGen      total 11264K, used 1527K [0x00000000d5580000, 0x00000000d6580000, 0x0000000100000000)
  eden space 9728K, 0% used [0x00000000d5580000,0x00000000d5580000,0x00000000d5f00000)
  from space 1536K, 99% used [0x00000000d6200000,0x00000000d637dcf0,0x00000000d6380000)
  to   space 3072K, 0% used [0x00000000d5f00000,0x00000000d5f00000,0x00000000d6200000)
 ParOldGen       total 1105408K, used 1105059K [0x0000000080000000, 0x00000000c3780000, 0x00000000d5580000)
  object space 1105408K, 99% used [0x0000000080000000,0x00000000c3728ed0,0x00000000c3780000)
 Metaspace       used 97569K, committed 99328K, reserved 1179648K
  class space    used 9803K, committed 10560K, reserved 1048576K
}
Event: 75254.349 GC heap before
{Heap before GC invocations=2362 (full 5):
 PSYoungGen      total 11264K, used 11255K [0x00000000d5580000, 0x00000000d6580000, 0x0000000100000000)
  eden space 9728K, 99% used [0x00000000d5580000,0x00000000d5efff98,0x00000000d5f00000)
  from space 1536K, 99% used [0x00000000d6200000,0x00000000d637dcf0,0x00000000d6380000)
  to   space 3072K, 0% used [0x00000000d5f00000,0x00000000d5f00000,0x00000000d6200000)
 ParOldGen       total 1105408K, used 1105059K [0x0000000080000000, 0x00000000c3780000, 0x00000000d5580000)
  object space 1105408K, 99% used [0x0000000080000000,0x00000000c3728ed0,0x00000000c3780000)
 Metaspace       used 97569K, committed 99328K, reserved 1179648K
  class space    used 9803K, committed 10560K, reserved 1048576K
}
Event: 75254.351 GC heap after
{Heap after GC invocations=2362 (full 5):
 PSYoungGen      total 12800K, used 2761K [0x00000000d5580000, 0x00000000d6500000, 0x0000000100000000)
  eden space 9728K, 0% used [0x00000000d5580000,0x00000000d5580000,0x00000000d5f00000)
  from space 3072K, 89% used [0x00000000d5f00000,0x00000000d61b2740,0x00000000d6200000)
  to   space 3072K, 0% used [0x00000000d6200000,0x00000000d6200000,0x00000000d6500000)
 ParOldGen       total 1106432K, used 1106081K [0x0000000080000000, 0x00000000c3880000, 0x00000000d5580000)
  object space 1106432K, 99% used [0x0000000080000000,0x00000000c38287c8,0x00000000c3880000)
 Metaspace       used 97569K, committed 99328K, reserved 1179648K
  class space    used 9803K, committed 10560K, reserved 1048576K
}
Event: 75257.785 GC heap before
{Heap before GC invocations=2363 (full 5):
 PSYoungGen      total 12800K, used 12489K [0x00000000d5580000, 0x00000000d6500000, 0x0000000100000000)
  eden space 9728K, 100% used [0x00000000d5580000,0x00000000d5f00000,0x00000000d5f00000)
  from space 3072K, 89% used [0x00000000d5f00000,0x00000000d61b2740,0x00000000d6200000)
  to   space 3072K, 0% used [0x00000000d6200000,0x00000000d6200000,0x00000000d6500000)
 ParOldGen       total 1106432K, used 1106081K [0x0000000080000000, 0x00000000c3880000, 0x00000000d5580000)
  object space 1106432K, 99% used [0x0000000080000000,0x00000000c38287c8,0x00000000c3880000)
 Metaspace       used 97573K, committed 99328K, reserved 1179648K
  class space    used 9804K, committed 10560K, reserved 1048576K
}
Event: 75257.788 GC heap after
{Heap after GC invocations=2363 (full 5):
 PSYoungGen      total 12288K, used 3049K [0x00000000d5580000, 0x00000000d6600000, 0x0000000100000000)
  eden space 9216K, 0% used [0x00000000d5580000,0x00000000d5580000,0x00000000d5e80000)
  from space 3072K, 99% used [0x00000000d6200000,0x00000000d64fa740,0x00000000d6500000)
  to   space 3584K, 0% used [0x00000000d5e80000,0x00000000d5e80000,0x00000000d6200000)
 ParOldGen       total 1106944K, used 1106486K [0x0000000080000000, 0x00000000c3900000, 0x00000000d5580000)
  object space 1106944K, 99% used [0x0000000080000000,0x00000000c388d960,0x00000000c3900000)
 Metaspace       used 97573K, committed 99328K, reserved 1179648K
  class space    used 9804K, committed 10560K, reserved 1048576K
}
Event: 75257.806 GC heap before
{Heap before GC invocations=2364 (full 5):
 PSYoungGen      total 12288K, used 12265K [0x00000000d5580000, 0x00000000d6600000, 0x0000000100000000)
  eden space 9216K, 100% used [0x00000000d5580000,0x00000000d5e80000,0x00000000d5e80000)
  from space 3072K, 99% used [0x00000000d6200000,0x00000000d64fa740,0x00000000d6500000)
  to   space 3584K, 0% used [0x00000000d5e80000,0x00000000d5e80000,0x00000000d6200000)
 ParOldGen       total 1106944K, used 1106486K [0x0000000080000000, 0x00000000c3900000, 0x00000000d5580000)
  object space 1106944K, 99% used [0x0000000080000000,0x00000000c388d960,0x00000000c3900000)
 Metaspace       used 97575K, committed 99328K, reserved 1179648K
  class space    used 9804K, committed 10560K, reserved 1048576K
}
Event: 75257.808 GC heap after
{Heap after GC invocations=2364 (full 5):
 PSYoungGen      total 12800K, used 3090K [0x00000000d5580000, 0x00000000d6580000, 0x0000000100000000)
  eden space 9216K, 0% used [0x00000000d5580000,0x00000000d5580000,0x00000000d5e80000)
  from space 3584K, 86% used [0x00000000d5e80000,0x00000000d61848e8,0x00000000d6200000)
  to   space 3584K, 0% used [0x00000000d6200000,0x00000000d6200000,0x00000000d6580000)
 ParOldGen       total 1106944K, used 1106542K [0x0000000080000000, 0x00000000c3900000, 0x00000000d5580000)
  object space 1106944K, 99% used [0x0000000080000000,0x00000000c389b960,0x00000000c3900000)
 Metaspace       used 97575K, committed 99328K, reserved 1179648K
  class space    used 9804K, committed 10560K, reserved 1048576K
}
Event: 75257.822 GC heap before
{Heap before GC invocations=2365 (full 5):
 PSYoungGen      total 12800K, used 12306K [0x00000000d5580000, 0x00000000d6580000, 0x0000000100000000)
  eden space 9216K, 100% used [0x00000000d5580000,0x00000000d5e80000,0x00000000d5e80000)
  from space 3584K, 86% used [0x00000000d5e80000,0x00000000d61848e8,0x00000000d6200000)
  to   space 3584K, 0% used [0x00000000d6200000,0x00000000d6200000,0x00000000d6580000)
 ParOldGen       total 1106944K, used 1106542K [0x0000000080000000, 0x00000000c3900000, 0x00000000d5580000)
  object space 1106944K, 99% used [0x0000000080000000,0x00000000c389b960,0x00000000c3900000)
 Metaspace       used 97577K, committed 99328K, reserved 1179648K
  class space    used 9804K, committed 10560K, reserved 1048576K
}
Event: 75257.824 GC heap after
{Heap after GC invocations=2365 (full 5):
 PSYoungGen      total 11776K, used 2415K [0x00000000d5580000, 0x00000000d6480000, 0x0000000100000000)
  eden space 9216K, 0% used [0x00000000d5580000,0x00000000d5580000,0x00000000d5e80000)
  from space 2560K, 94% used [0x00000000d6200000,0x00000000d645be40,0x00000000d6480000)
  to   space 3072K, 0% used [0x00000000d5e80000,0x00000000d5e80000,0x00000000d6180000)
 ParOldGen       total 1106944K, used 1106678K [0x0000000080000000, 0x00000000c3900000, 0x00000000d5580000)
  object space 1106944K, 99% used [0x0000000080000000,0x00000000c38bd960,0x00000000c3900000)
 Metaspace       used 97577K, committed 99328K, reserved 1179648K
  class space    used 9804K, committed 10560K, reserved 1048576K
}
Event: 75267.310 GC heap before
{Heap before GC invocations=2366 (full 5):
 PSYoungGen      total 11776K, used 11631K [0x00000000d5580000, 0x00000000d6480000, 0x0000000100000000)
  eden space 9216K, 100% used [0x00000000d5580000,0x00000000d5e80000,0x00000000d5e80000)
  from space 2560K, 94% used [0x00000000d6200000,0x00000000d645be40,0x00000000d6480000)
  to   space 3072K, 0% used [0x00000000d5e80000,0x00000000d5e80000,0x00000000d6180000)
 ParOldGen       total 1106944K, used 1106678K [0x0000000080000000, 0x00000000c3900000, 0x00000000d5580000)
  object space 1106944K, 99% used [0x0000000080000000,0x00000000c38bd960,0x00000000c3900000)
 Metaspace       used 97577K, committed 99328K, reserved 1179648K
  class space    used 9804K, committed 10560K, reserved 1048576K
}
Event: 75267.313 GC heap after
{Heap after GC invocations=2366 (full 5):
 PSYoungGen      total 10240K, used 538K [0x00000000d5580000, 0x00000000d6280000, 0x0000000100000000)
  eden space 9216K, 0% used [0x00000000d5580000,0x00000000d5580000,0x00000000d5e80000)
  from space 1024K, 52% used [0x00000000d5e80000,0x00000000d5f06900,0x00000000d5f80000)
  to   space 1536K, 0% used [0x00000000d6100000,0x00000000d6100000,0x00000000d6280000)
 ParOldGen       total 1106944K, used 1106750K [0x0000000080000000, 0x00000000c3900000, 0x00000000d5580000)
  object space 1106944K, 99% used [0x0000000080000000,0x00000000c38cf960,0x00000000c3900000)
 Metaspace       used 97577K, committed 99328K, reserved 1179648K
  class space    used 9804K, committed 10560K, reserved 1048576K
}

