{"uuid":"53e2b696-d777-457f-8853-7f8dc94e921f","historyId":"1c5b4d54ac31674c393890479b550b73","fullName":"src/test/resources/features/filters.feature:4","labels":[{"name":"tag","value":"regression"},{"name":"host","value":"VSPL0875"},{"name":"thread","value":"9956@VSPL0875.main(1)"},{"name":"feature","value":"Filters"},{"name":"story","value":"Apply price filter"},{"name":"suite","value":"Filters"},{"name":"testClass","value":"Apply price filter"},{"name":"framework","value":"cucumber4jvm"},{"name":"language","value":"java"},{"name":"gherkin_uri","value":"file:///d:/D%20Drive/Bharathi/VL%20Personal/WebAutomation/TheTrybeWebAutomation/src/test/resources/features/filters.feature"},{"name":"package","value":"src.test.resources.features.filters_feature.Filters"}],"links":[],"name":"Apply price filter","status":"broken","statusDetails":{"known":false,"muted":false,"flaky":false,"message":"Expected condition failed: waiting for element to be clickable: By.xpath: //a[contains(.,'Men') and contains(.,'Shoes')] (tried for 10 second(s) with 500 milliseconds interval)\nBuild info: version: '4.25.0', revision: '8a8aea2337'\nSystem info: os.name: 'Windows 11', os.arch: 'amd64', os.version: '10.0', java.version: '21.0.9'\nDriver info: org.openqa.selenium.chrome.ChromeDriver\nCapabilities {acceptInsecureCerts: false, browserName: chrome, browserVersion: 143.0.7499.41, chrome: {chromedriverVersion: 143.0.7499.40 (c23ff452476d..., userDataDir: C:\\Users\\BHARAT~1.T\\AppData...}, fedcm:accounts: true, goog:chromeOptions: {debuggerAddress: localhost:59413}, goog:processID: 16508, networkConnectionEnabled: false, pageLoadStrategy: normal, platformName: windows, proxy: Proxy(), se:cdp: ws://localhost:59413/devtoo..., se:cdpVersion: 143.0.7499.41, setWindowRect: true, strictFileInteractability: false, timeouts: {implicit: 0, pageLoad: 300000, script: 30000}, unhandledPromptBehavior: dismiss and notify, webauthn:extension:credBlob: true, webauthn:extension:largeBlob: true, webauthn:extension:minPinLength: true, webauthn:extension:prf: true, webauthn:virtualAuthenticators: true}\nSession ID: ea5ddcec54b4b0940ad4f023322dbced","trace":"org.openqa.selenium.TimeoutException: Expected condition failed: waiting for element to be clickable: By.xpath: //a[contains(.,'Men') and contains(.,'Shoes')] (tried for 10 second(s) with 500 milliseconds interval)\nBuild info: version: '4.25.0', revision: '8a8aea2337'\nSystem info: os.name: 'Windows 11', os.arch: 'amd64', os.version: '10.0', java.version: '21.0.9'\nDriver info: org.openqa.selenium.chrome.ChromeDriver\nCapabilities {acceptInsecureCerts: false, browserName: chrome, browserVersion: 143.0.7499.41, chrome: {chromedriverVersion: 143.0.7499.40 (c23ff452476d..., userDataDir: C:\\Users\\BHARAT~1.T\\AppData...}, fedcm:accounts: true, goog:chromeOptions: {debuggerAddress: localhost:59413}, goog:processID: 16508, networkConnectionEnabled: false, pageLoadStrategy: normal, platformName: windows, proxy: Proxy(), se:cdp: ws://localhost:59413/devtoo..., se:cdpVersion: 143.0.7499.41, setWindowRect: true, strictFileInteractability: false, timeouts: {implicit: 0, pageLoad: 300000, script: 30000}, unhandledPromptBehavior: dismiss and notify, webauthn:extension:credBlob: true, webauthn:extension:largeBlob: true, webauthn:extension:minPinLength: true, webauthn:extension:prf: true, webauthn:virtualAuthenticators: true}\nSession ID: ea5ddcec54b4b0940ad4f023322dbced\r\n\tat org.openqa.selenium.support.ui.WebDriverWait.timeoutException(WebDriverWait.java:84)\r\n\tat org.openqa.selenium.support.ui.FluentWait.until(FluentWait.java:228)\r\n\tat pages.BasePage.waitForElementToBeClickable(BasePage.java:30)\r\n\tat pages.BasePage.click(BasePage.java:38)\r\n\tat pages.HomePage.openMenShoesCategory(HomePage.java:35)\r\n\tat stepDefinitions.FiltersSteps.user_is_on_category_page(FiltersSteps.java:19)\r\n\tat ✽.user is on category page \"Men Shoes\"(file:///d:/D%20Drive/Bharathi/VL%20Personal/WebAutomation/TheTrybeWebAutomation/src/test/resources/features/filters.feature:5)\r\n"},"stage":"finished","steps":[{"name":"Given  user is on category page \"Men Shoes\"","status":"broken","statusDetails":{"known":false,"muted":false,"flaky":false,"message":"Expected condition failed: waiting for element to be clickable: By.xpath: //a[contains(.,'Men') and contains(.,'Shoes')] (tried for 10 second(s) with 500 milliseconds interval)\nBuild info: version: '4.25.0', revision: '8a8aea2337'\nSystem info: os.name: 'Windows 11', os.arch: 'amd64', os.version: '10.0', java.version: '21.0.9'\nDriver info: org.openqa.selenium.chrome.ChromeDriver\nCapabilities {acceptInsecureCerts: false, browserName: chrome, browserVersion: 143.0.7499.41, chrome: {chromedriverVersion: 143.0.7499.40 (c23ff452476d..., userDataDir: C:\\Users\\BHARAT~1.T\\AppData...}, fedcm:accounts: true, goog:chromeOptions: {debuggerAddress: localhost:59413}, goog:processID: 16508, networkConnectionEnabled: false, pageLoadStrategy: normal, platformName: windows, proxy: Proxy(), se:cdp: ws://localhost:59413/devtoo..., se:cdpVersion: 143.0.7499.41, setWindowRect: true, strictFileInteractability: false, timeouts: {implicit: 0, pageLoad: 300000, script: 30000}, unhandledPromptBehavior: dismiss and notify, webauthn:extension:credBlob: true, webauthn:extension:largeBlob: true, webauthn:extension:minPinLength: true, webauthn:extension:prf: true, webauthn:virtualAuthenticators: true}\nSession ID: ea5ddcec54b4b0940ad4f023322dbced","trace":"org.openqa.selenium.TimeoutException: Expected condition failed: waiting for element to be clickable: By.xpath: //a[contains(.,'Men') and contains(.,'Shoes')] (tried for 10 second(s) with 500 milliseconds interval)\nBuild info: version: '4.25.0', revision: '8a8aea2337'\nSystem info: os.name: 'Windows 11', os.arch: 'amd64', os.version: '10.0', java.version: '21.0.9'\nDriver info: org.openqa.selenium.chrome.ChromeDriver\nCapabilities {acceptInsecureCerts: false, browserName: chrome, browserVersion: 143.0.7499.41, chrome: {chromedriverVersion: 143.0.7499.40 (c23ff452476d..., userDataDir: C:\\Users\\BHARAT~1.T\\AppData...}, fedcm:accounts: true, goog:chromeOptions: {debuggerAddress: localhost:59413}, goog:processID: 16508, networkConnectionEnabled: false, pageLoadStrategy: normal, platformName: windows, proxy: Proxy(), se:cdp: ws://localhost:59413/devtoo..., se:cdpVersion: 143.0.7499.41, setWindowRect: true, strictFileInteractability: false, timeouts: {implicit: 0, pageLoad: 300000, script: 30000}, unhandledPromptBehavior: dismiss and notify, webauthn:extension:credBlob: true, webauthn:extension:largeBlob: true, webauthn:extension:minPinLength: true, webauthn:extension:prf: true, webauthn:virtualAuthenticators: true}\nSession ID: ea5ddcec54b4b0940ad4f023322dbced\r\n\tat org.openqa.selenium.support.ui.WebDriverWait.timeoutException(WebDriverWait.java:84)\r\n\tat org.openqa.selenium.support.ui.FluentWait.until(FluentWait.java:228)\r\n\tat pages.BasePage.waitForElementToBeClickable(BasePage.java:30)\r\n\tat pages.BasePage.click(BasePage.java:38)\r\n\tat pages.HomePage.openMenShoesCategory(HomePage.java:35)\r\n\tat stepDefinitions.FiltersSteps.user_is_on_category_page(FiltersSteps.java:19)\r\n\tat ✽.user is on category page \"Men Shoes\"(file:///d:/D%20Drive/Bharathi/VL%20Personal/WebAutomation/TheTrybeWebAutomation/src/test/resources/features/filters.feature:5)\r\n"},"stage":"finished","steps":[],"attachments":[],"parameters":[],"start":1765384286047,"stop":1765384305822},{"name":"When  user applies minimum price filter \"200\"","status":"skipped","statusDetails":{"known":false,"muted":false,"flaky":false},"stage":"finished","steps":[],"attachments":[],"parameters":[],"start":1765384305823,"stop":1765384305823},{"name":"Then  filtered results should match price 200","status":"skipped","statusDetails":{"known":false,"muted":false,"flaky":false},"stage":"finished","steps":[],"attachments":[],"parameters":[],"start":1765384305824,"stop":1765384305825}],"attachments":[],"parameters":[],"start":1765384286044,"stop":1765384306582}