{"uuid":"d0cbee61-31ab-4e11-ab7e-1b66d39c7cc3","historyId":"881a66a1fcdc7efdefc1c5dccbe6169c","fullName":"src/test/resources/features/login.feature:5","labels":[{"name":"tag","value":"smoke"},{"name":"tag","value":"regression"},{"name":"tag","value":"specific_test"},{"name":"host","value":"VSPL0875"},{"name":"thread","value":"28380@VSPL0875.main(1)"},{"name":"feature","value":"Login"},{"name":"story","value":"Login with valid credentials"},{"name":"suite","value":"Login"},{"name":"testClass","value":"Login with valid credentials"},{"name":"framework","value":"cucumber4jvm"},{"name":"language","value":"java"},{"name":"gherkin_uri","value":"file:///D:/D%20Drive/Bharathi/VL%20Personal/WebAutomation/TheTrybeWebAutomation/src/test/resources/features/login.feature"},{"name":"package","value":"src.test.resources.features.login_feature.Login"}],"links":[],"name":"Login with valid credentials","status":"failed","statusDetails":{"known":false,"muted":false,"flaky":false,"message":"User is not logged in expected [true] but found [false]","trace":"java.lang.AssertionError: User is not logged in expected [true] but found [false]\r\n\tat org.testng.Assert.fail(Assert.java:111)\r\n\tat org.testng.Assert.failNotEquals(Assert.java:1578)\r\n\tat org.testng.Assert.assertTrue(Assert.java:57)\r\n\tat stepDefinitions.LoginSteps.user_should_be_logged_in(LoginSteps.java:35)\r\n\tat ✽.user should be logged in successfully(file:///D:/D%20Drive/Bharathi/VL%20Personal/WebAutomation/TheTrybeWebAutomation/src/test/resources/features/login.feature:9)\r\n"},"stage":"finished","steps":[{"name":"Given  user is on home page","status":"passed","statusDetails":{"known":false,"muted":false,"flaky":false},"stage":"finished","steps":[],"attachments":[],"parameters":[],"start":1765388318836,"stop":1765388339046},{"name":"When  user opens login page","status":"passed","statusDetails":{"known":false,"muted":false,"flaky":false},"stage":"finished","steps":[],"attachments":[],"parameters":[],"start":1765388339046,"stop":1765388340494},{"name":"And  user logs in using valid credentials","status":"passed","statusDetails":{"known":false,"muted":false,"flaky":false},"stage":"finished","steps":[],"attachments":[],"parameters":[],"start":1765388340494,"stop":1765388342669},{"name":"Then  user should be logged in successfully","status":"failed","statusDetails":{"known":false,"muted":false,"flaky":false,"message":"User is not logged in expected [true] but found [false]","trace":"java.lang.AssertionError: User is not logged in expected [true] but found [false]\r\n\tat org.testng.Assert.fail(Assert.java:111)\r\n\tat org.testng.Assert.failNotEquals(Assert.java:1578)\r\n\tat org.testng.Assert.assertTrue(Assert.java:57)\r\n\tat stepDefinitions.LoginSteps.user_should_be_logged_in(LoginSteps.java:35)\r\n\tat ✽.user should be logged in successfully(file:///D:/D%20Drive/Bharathi/VL%20Personal/WebAutomation/TheTrybeWebAutomation/src/test/resources/features/login.feature:9)\r\n"},"stage":"finished","steps":[],"attachments":[],"parameters":[],"start":1765388342677,"stop":1765388342720},{"name":"And  user logs out successfully","status":"skipped","statusDetails":{"known":false,"muted":false,"flaky":false},"stage":"finished","steps":[],"attachments":[],"parameters":[],"start":1765388342720,"stop":1765388342720}],"attachments":[],"parameters":[],"start":1765388317172,"stop":1765388343569}