{"uuid":"d338a43d-897a-49b5-bcd2-90ee8dae3442","historyId":"15f20144ca02a3caaa154bc3d5f2b944","fullName":"src/test/resources/features/checkout.feature:4","labels":[{"name":"tag","value":"smoke"},{"name":"tag","value":"regression"},{"name":"host","value":"VSPL0875"},{"name":"thread","value":"5288@VSPL0875.TestNG-PoolService-1(41)"},{"name":"feature","value":"Checkout flow"},{"name":"story","value":"Successful checkout order placement"},{"name":"suite","value":"Checkout flow"},{"name":"testClass","value":"Successful checkout order placement"},{"name":"framework","value":"cucumber4jvm"},{"name":"language","value":"java"},{"name":"gherkin_uri","value":"file:///D:/D%20Drive/Bharathi/VL%20Personal/WebAutomation/TheTrybeWebAutomation/src/test/resources/features/checkout.feature"},{"name":"package","value":"src.test.resources.features.checkout_feature.Checkout flow"}],"links":[],"name":"Successful checkout order placement","status":"broken","statusDetails":{"known":false,"muted":false,"flaky":false,"message":"element not interactable\n  (Session info: chrome=143.0.7499.41)\nBuild info: version: '4.25.0', revision: '8a8aea2337'\nSystem info: os.name: 'Windows 11', os.arch: 'amd64', os.version: '10.0', java.version: '21.0.9'\nDriver info: org.openqa.selenium.chrome.ChromeDriver\nCommand: [74da3db0ebd8c297cb63605a1efb3218, clearElement {id=f.DF342429D09C1CA14C35FF609130C592.d.7933454F4695B957CF7A60D573FAA1FE.e.2}]\nCapabilities {acceptInsecureCerts: false, browserName: chrome, browserVersion: 143.0.7499.41, chrome: {chromedriverVersion: 143.0.7499.40 (c23ff452476d..., userDataDir: C:\\Users\\BHARAT~1.T\\AppData...}, fedcm:accounts: true, goog:chromeOptions: {debuggerAddress: localhost:64456}, goog:processID: 38060, networkConnectionEnabled: false, pageLoadStrategy: normal, platformName: windows, proxy: Proxy(), se:cdp: ws://localhost:64456/devtoo..., se:cdpVersion: 143.0.7499.41, setWindowRect: true, strictFileInteractability: false, timeouts: {implicit: 0, pageLoad: 300000, script: 30000}, unhandledPromptBehavior: dismiss and notify, webauthn:extension:credBlob: true, webauthn:extension:largeBlob: true, webauthn:extension:minPinLength: true, webauthn:extension:prf: true, webauthn:virtualAuthenticators: true}\nElement: [[ChromeDriver: chrome on windows (74da3db0ebd8c297cb63605a1efb3218)] -> css selector: input[type='search'], input[placeholder*='Search'], input[name*='search']]\nSession ID: 74da3db0ebd8c297cb63605a1efb3218","trace":"org.openqa.selenium.ElementNotInteractableException: element not interactable\n  (Session info: chrome=143.0.7499.41)\nBuild info: version: '4.25.0', revision: '8a8aea2337'\nSystem info: os.name: 'Windows 11', os.arch: 'amd64', os.version: '10.0', java.version: '21.0.9'\nDriver info: org.openqa.selenium.chrome.ChromeDriver\nCommand: [74da3db0ebd8c297cb63605a1efb3218, clearElement {id=f.DF342429D09C1CA14C35FF609130C592.d.7933454F4695B957CF7A60D573FAA1FE.e.2}]\nCapabilities {acceptInsecureCerts: false, browserName: chrome, browserVersion: 143.0.7499.41, chrome: {chromedriverVersion: 143.0.7499.40 (c23ff452476d..., userDataDir: C:\\Users\\BHARAT~1.T\\AppData...}, fedcm:accounts: true, goog:chromeOptions: {debuggerAddress: localhost:64456}, goog:processID: 38060, networkConnectionEnabled: false, pageLoadStrategy: normal, platformName: windows, proxy: Proxy(), se:cdp: ws://localhost:64456/devtoo..., se:cdpVersion: 143.0.7499.41, setWindowRect: true, strictFileInteractability: false, timeouts: {implicit: 0, pageLoad: 300000, script: 30000}, unhandledPromptBehavior: dismiss and notify, webauthn:extension:credBlob: true, webauthn:extension:largeBlob: true, webauthn:extension:minPinLength: true, webauthn:extension:prf: true, webauthn:virtualAuthenticators: true}\nElement: [[ChromeDriver: chrome on windows (74da3db0ebd8c297cb63605a1efb3218)] -> css selector: input[type='search'], input[placeholder*='Search'], input[name*='search']]\nSession ID: 74da3db0ebd8c297cb63605a1efb3218\r\n\tat java.base/jdk.internal.reflect.DirectConstructorHandleAccessor.newInstance(DirectConstructorHandleAccessor.java:62)\r\n\tat java.base/java.lang.reflect.Constructor.newInstanceWithCaller(Constructor.java:502)\r\n\tat java.base/java.lang.reflect.Constructor.newInstance(Constructor.java:486)\r\n\tat org.openqa.selenium.remote.ErrorCodec.decode(ErrorCodec.java:167)\r\n\tat org.openqa.selenium.remote.codec.w3c.W3CHttpResponseCodec.decode(W3CHttpResponseCodec.java:138)\r\n\tat org.openqa.selenium.remote.codec.w3c.W3CHttpResponseCodec.decode(W3CHttpResponseCodec.java:50)\r\n\tat org.openqa.selenium.remote.HttpCommandExecutor.execute(HttpCommandExecutor.java:190)\r\n\tat org.openqa.selenium.remote.service.DriverCommandExecutor.invokeExecute(DriverCommandExecutor.java:216)\r\n\tat org.openqa.selenium.remote.service.DriverCommandExecutor.execute(DriverCommandExecutor.java:174)\r\n\tat org.openqa.selenium.remote.RemoteWebDriver.execute(RemoteWebDriver.java:545)\r\n\tat org.openqa.selenium.remote.RemoteWebElement.execute(RemoteWebElement.java:223)\r\n\tat org.openqa.selenium.remote.RemoteWebElement.clear(RemoteWebElement.java:129)\r\n\tat pages.HomePage.searchFor(HomePage.java:19)\r\n\tat stepDefinitions.CheckoutSteps.user_searches_for(CheckoutSteps.java:28)\r\n\tat ✽.user searches for \"shoes\"(file:///D:/D%20Drive/Bharathi/VL%20Personal/WebAutomation/TheTrybeWebAutomation/src/test/resources/features/checkout.feature:6)\r\n"},"stage":"finished","steps":[{"name":"Given  user is on home page","status":"passed","statusDetails":{"known":false,"muted":false,"flaky":false},"stage":"finished","steps":[],"attachments":[],"parameters":[],"start":1765299470658,"stop":1765299485200},{"name":"When  user searches for \"shoes\"","status":"broken","statusDetails":{"known":false,"muted":false,"flaky":false,"message":"element not interactable\n  (Session info: chrome=143.0.7499.41)\nBuild info: version: '4.25.0', revision: '8a8aea2337'\nSystem info: os.name: 'Windows 11', os.arch: 'amd64', os.version: '10.0', java.version: '21.0.9'\nDriver info: org.openqa.selenium.chrome.ChromeDriver\nCommand: [74da3db0ebd8c297cb63605a1efb3218, clearElement {id=f.DF342429D09C1CA14C35FF609130C592.d.7933454F4695B957CF7A60D573FAA1FE.e.2}]\nCapabilities {acceptInsecureCerts: false, browserName: chrome, browserVersion: 143.0.7499.41, chrome: {chromedriverVersion: 143.0.7499.40 (c23ff452476d..., userDataDir: C:\\Users\\BHARAT~1.T\\AppData...}, fedcm:accounts: true, goog:chromeOptions: {debuggerAddress: localhost:64456}, goog:processID: 38060, networkConnectionEnabled: false, pageLoadStrategy: normal, platformName: windows, proxy: Proxy(), se:cdp: ws://localhost:64456/devtoo..., se:cdpVersion: 143.0.7499.41, setWindowRect: true, strictFileInteractability: false, timeouts: {implicit: 0, pageLoad: 300000, script: 30000}, unhandledPromptBehavior: dismiss and notify, webauthn:extension:credBlob: true, webauthn:extension:largeBlob: true, webauthn:extension:minPinLength: true, webauthn:extension:prf: true, webauthn:virtualAuthenticators: true}\nElement: [[ChromeDriver: chrome on windows (74da3db0ebd8c297cb63605a1efb3218)] -> css selector: input[type='search'], input[placeholder*='Search'], input[name*='search']]\nSession ID: 74da3db0ebd8c297cb63605a1efb3218","trace":"org.openqa.selenium.ElementNotInteractableException: element not interactable\n  (Session info: chrome=143.0.7499.41)\nBuild info: version: '4.25.0', revision: '8a8aea2337'\nSystem info: os.name: 'Windows 11', os.arch: 'amd64', os.version: '10.0', java.version: '21.0.9'\nDriver info: org.openqa.selenium.chrome.ChromeDriver\nCommand: [74da3db0ebd8c297cb63605a1efb3218, clearElement {id=f.DF342429D09C1CA14C35FF609130C592.d.7933454F4695B957CF7A60D573FAA1FE.e.2}]\nCapabilities {acceptInsecureCerts: false, browserName: chrome, browserVersion: 143.0.7499.41, chrome: {chromedriverVersion: 143.0.7499.40 (c23ff452476d..., userDataDir: C:\\Users\\BHARAT~1.T\\AppData...}, fedcm:accounts: true, goog:chromeOptions: {debuggerAddress: localhost:64456}, goog:processID: 38060, networkConnectionEnabled: false, pageLoadStrategy: normal, platformName: windows, proxy: Proxy(), se:cdp: ws://localhost:64456/devtoo..., se:cdpVersion: 143.0.7499.41, setWindowRect: true, strictFileInteractability: false, timeouts: {implicit: 0, pageLoad: 300000, script: 30000}, unhandledPromptBehavior: dismiss and notify, webauthn:extension:credBlob: true, webauthn:extension:largeBlob: true, webauthn:extension:minPinLength: true, webauthn:extension:prf: true, webauthn:virtualAuthenticators: true}\nElement: [[ChromeDriver: chrome on windows (74da3db0ebd8c297cb63605a1efb3218)] -> css selector: input[type='search'], input[placeholder*='Search'], input[name*='search']]\nSession ID: 74da3db0ebd8c297cb63605a1efb3218\r\n\tat java.base/jdk.internal.reflect.DirectConstructorHandleAccessor.newInstance(DirectConstructorHandleAccessor.java:62)\r\n\tat java.base/java.lang.reflect.Constructor.newInstanceWithCaller(Constructor.java:502)\r\n\tat java.base/java.lang.reflect.Constructor.newInstance(Constructor.java:486)\r\n\tat org.openqa.selenium.remote.ErrorCodec.decode(ErrorCodec.java:167)\r\n\tat org.openqa.selenium.remote.codec.w3c.W3CHttpResponseCodec.decode(W3CHttpResponseCodec.java:138)\r\n\tat org.openqa.selenium.remote.codec.w3c.W3CHttpResponseCodec.decode(W3CHttpResponseCodec.java:50)\r\n\tat org.openqa.selenium.remote.HttpCommandExecutor.execute(HttpCommandExecutor.java:190)\r\n\tat org.openqa.selenium.remote.service.DriverCommandExecutor.invokeExecute(DriverCommandExecutor.java:216)\r\n\tat org.openqa.selenium.remote.service.DriverCommandExecutor.execute(DriverCommandExecutor.java:174)\r\n\tat org.openqa.selenium.remote.RemoteWebDriver.execute(RemoteWebDriver.java:545)\r\n\tat org.openqa.selenium.remote.RemoteWebElement.execute(RemoteWebElement.java:223)\r\n\tat org.openqa.selenium.remote.RemoteWebElement.clear(RemoteWebElement.java:129)\r\n\tat pages.HomePage.searchFor(HomePage.java:19)\r\n\tat stepDefinitions.CheckoutSteps.user_searches_for(CheckoutSteps.java:28)\r\n\tat ✽.user searches for \"shoes\"(file:///D:/D%20Drive/Bharathi/VL%20Personal/WebAutomation/TheTrybeWebAutomation/src/test/resources/features/checkout.feature:6)\r\n"},"stage":"finished","steps":[],"attachments":[],"parameters":[],"start":1765299485200,"stop":1765299485273},{"name":"And  adds first product to cart","status":"skipped","statusDetails":{"known":false,"muted":false,"flaky":false},"stage":"finished","steps":[],"attachments":[],"parameters":[],"start":1765299485273,"stop":1765299485274},{"name":"And  proceeds to checkout","status":"skipped","statusDetails":{"known":false,"muted":false,"flaky":false},"stage":"finished","steps":[],"attachments":[],"parameters":[],"start":1765299485274,"stop":1765299485274},{"name":"Then  order should be placed successfully","status":"skipped","statusDetails":{"known":false,"muted":false,"flaky":false},"stage":"finished","steps":[],"attachments":[],"parameters":[],"start":1765299485274,"stop":1765299485275}],"attachments":[],"parameters":[],"start":1765299468589,"stop":1765299486044}