{"uuid":"e57d8554-fdd6-4c0b-81a2-5ebadd9bfccd","historyId":"15f20144ca02a3caaa154bc3d5f2b944","fullName":"src/test/resources/features/checkout.feature:4","labels":[{"name":"tag","value":"smoke"},{"name":"tag","value":"regression"},{"name":"host","value":"VSPL0875"},{"name":"thread","value":"34436@VSPL0875.main(1)"},{"name":"feature","value":"Checkout flow"},{"name":"story","value":"Successful checkout order placement"},{"name":"suite","value":"Checkout flow"},{"name":"testClass","value":"Successful checkout order placement"},{"name":"framework","value":"cucumber4jvm"},{"name":"language","value":"java"},{"name":"gherkin_uri","value":"file:///D:/D%20Drive/Bharathi/VL%20Personal/WebAutomation/TheTrybeWebAutomation/src/test/resources/features/checkout.feature"},{"name":"package","value":"src.test.resources.features.checkout_feature.Checkout flow"}],"links":[],"name":"Successful checkout order placement","status":"broken","statusDetails":{"known":false,"muted":false,"flaky":false,"message":"element not interactable\n  (Session info: chrome=143.0.7499.41)\nBuild info: version: '4.25.0', revision: '8a8aea2337'\nSystem info: os.name: 'Windows 11', os.arch: 'amd64', os.version: '10.0', java.version: '21.0.9'\nDriver info: org.openqa.selenium.chrome.ChromeDriver\nCommand: [5fc58704d4bc9f10d01a26fa849c3ccc, clearElement {id=f.5B485C83E07DE7A015C78033C87FBE24.d.10808CFA9AE74697422DF103706F5EA1.e.2}]\nCapabilities {acceptInsecureCerts: false, browserName: chrome, browserVersion: 143.0.7499.41, chrome: {chromedriverVersion: 143.0.7499.40 (c23ff452476d..., userDataDir: C:\\Users\\BHARAT~1.T\\AppData...}, fedcm:accounts: true, goog:chromeOptions: {debuggerAddress: localhost:54621}, goog:processID: 35816, networkConnectionEnabled: false, pageLoadStrategy: normal, platformName: windows, proxy: Proxy(), se:cdp: ws://localhost:54621/devtoo..., se:cdpVersion: 143.0.7499.41, setWindowRect: true, strictFileInteractability: false, timeouts: {implicit: 0, pageLoad: 300000, script: 30000}, unhandledPromptBehavior: dismiss and notify, webauthn:extension:credBlob: true, webauthn:extension:largeBlob: true, webauthn:extension:minPinLength: true, webauthn:extension:prf: true, webauthn:virtualAuthenticators: true}\nElement: [[ChromeDriver: chrome on windows (5fc58704d4bc9f10d01a26fa849c3ccc)] -> css selector: input[type='search'], input[placeholder*='Search'], input[name*='search']]\nSession ID: 5fc58704d4bc9f10d01a26fa849c3ccc","trace":"org.openqa.selenium.ElementNotInteractableException: element not interactable\n  (Session info: chrome=143.0.7499.41)\nBuild info: version: '4.25.0', revision: '8a8aea2337'\nSystem info: os.name: 'Windows 11', os.arch: 'amd64', os.version: '10.0', java.version: '21.0.9'\nDriver info: org.openqa.selenium.chrome.ChromeDriver\nCommand: [5fc58704d4bc9f10d01a26fa849c3ccc, clearElement {id=f.5B485C83E07DE7A015C78033C87FBE24.d.10808CFA9AE74697422DF103706F5EA1.e.2}]\nCapabilities {acceptInsecureCerts: false, browserName: chrome, browserVersion: 143.0.7499.41, chrome: {chromedriverVersion: 143.0.7499.40 (c23ff452476d..., userDataDir: C:\\Users\\BHARAT~1.T\\AppData...}, fedcm:accounts: true, goog:chromeOptions: {debuggerAddress: localhost:54621}, goog:processID: 35816, networkConnectionEnabled: false, pageLoadStrategy: normal, platformName: windows, proxy: Proxy(), se:cdp: ws://localhost:54621/devtoo..., se:cdpVersion: 143.0.7499.41, setWindowRect: true, strictFileInteractability: false, timeouts: {implicit: 0, pageLoad: 300000, script: 30000}, unhandledPromptBehavior: dismiss and notify, webauthn:extension:credBlob: true, webauthn:extension:largeBlob: true, webauthn:extension:minPinLength: true, webauthn:extension:prf: true, webauthn:virtualAuthenticators: true}\nElement: [[ChromeDriver: chrome on windows (5fc58704d4bc9f10d01a26fa849c3ccc)] -> css selector: input[type='search'], input[placeholder*='Search'], input[name*='search']]\nSession ID: 5fc58704d4bc9f10d01a26fa849c3ccc\r\n\tat java.base/jdk.internal.reflect.DirectConstructorHandleAccessor.newInstance(DirectConstructorHandleAccessor.java:62)\r\n\tat java.base/java.lang.reflect.Constructor.newInstanceWithCaller(Constructor.java:502)\r\n\tat java.base/java.lang.reflect.Constructor.newInstance(Constructor.java:486)\r\n\tat org.openqa.selenium.remote.ErrorCodec.decode(ErrorCodec.java:167)\r\n\tat org.openqa.selenium.remote.codec.w3c.W3CHttpResponseCodec.decode(W3CHttpResponseCodec.java:138)\r\n\tat org.openqa.selenium.remote.codec.w3c.W3CHttpResponseCodec.decode(W3CHttpResponseCodec.java:50)\r\n\tat org.openqa.selenium.remote.HttpCommandExecutor.execute(HttpCommandExecutor.java:190)\r\n\tat org.openqa.selenium.remote.service.DriverCommandExecutor.invokeExecute(DriverCommandExecutor.java:216)\r\n\tat org.openqa.selenium.remote.service.DriverCommandExecutor.execute(DriverCommandExecutor.java:174)\r\n\tat org.openqa.selenium.remote.RemoteWebDriver.execute(RemoteWebDriver.java:545)\r\n\tat org.openqa.selenium.remote.RemoteWebElement.execute(RemoteWebElement.java:223)\r\n\tat org.openqa.selenium.remote.RemoteWebElement.clear(RemoteWebElement.java:129)\r\n\tat pages.HomePage.searchFor(HomePage.java:19)\r\n\tat stepDefinitions.CheckoutSteps.user_searches_for(CheckoutSteps.java:28)\r\n\tat ✽.user searches for \"shoes\"(file:///D:/D%20Drive/Bharathi/VL%20Personal/WebAutomation/TheTrybeWebAutomation/src/test/resources/features/checkout.feature:6)\r\n"},"stage":"finished","steps":[{"name":"Given  user is on home page","status":"passed","statusDetails":{"known":false,"muted":false,"flaky":false},"stage":"finished","steps":[],"attachments":[],"parameters":[],"start":1765373886516,"stop":1765373897400},{"name":"When  user searches for \"shoes\"","status":"broken","statusDetails":{"known":false,"muted":false,"flaky":false,"message":"element not interactable\n  (Session info: chrome=143.0.7499.41)\nBuild info: version: '4.25.0', revision: '8a8aea2337'\nSystem info: os.name: 'Windows 11', os.arch: 'amd64', os.version: '10.0', java.version: '21.0.9'\nDriver info: org.openqa.selenium.chrome.ChromeDriver\nCommand: [5fc58704d4bc9f10d01a26fa849c3ccc, clearElement {id=f.5B485C83E07DE7A015C78033C87FBE24.d.10808CFA9AE74697422DF103706F5EA1.e.2}]\nCapabilities {acceptInsecureCerts: false, browserName: chrome, browserVersion: 143.0.7499.41, chrome: {chromedriverVersion: 143.0.7499.40 (c23ff452476d..., userDataDir: C:\\Users\\BHARAT~1.T\\AppData...}, fedcm:accounts: true, goog:chromeOptions: {debuggerAddress: localhost:54621}, goog:processID: 35816, networkConnectionEnabled: false, pageLoadStrategy: normal, platformName: windows, proxy: Proxy(), se:cdp: ws://localhost:54621/devtoo..., se:cdpVersion: 143.0.7499.41, setWindowRect: true, strictFileInteractability: false, timeouts: {implicit: 0, pageLoad: 300000, script: 30000}, unhandledPromptBehavior: dismiss and notify, webauthn:extension:credBlob: true, webauthn:extension:largeBlob: true, webauthn:extension:minPinLength: true, webauthn:extension:prf: true, webauthn:virtualAuthenticators: true}\nElement: [[ChromeDriver: chrome on windows (5fc58704d4bc9f10d01a26fa849c3ccc)] -> css selector: input[type='search'], input[placeholder*='Search'], input[name*='search']]\nSession ID: 5fc58704d4bc9f10d01a26fa849c3ccc","trace":"org.openqa.selenium.ElementNotInteractableException: element not interactable\n  (Session info: chrome=143.0.7499.41)\nBuild info: version: '4.25.0', revision: '8a8aea2337'\nSystem info: os.name: 'Windows 11', os.arch: 'amd64', os.version: '10.0', java.version: '21.0.9'\nDriver info: org.openqa.selenium.chrome.ChromeDriver\nCommand: [5fc58704d4bc9f10d01a26fa849c3ccc, clearElement {id=f.5B485C83E07DE7A015C78033C87FBE24.d.10808CFA9AE74697422DF103706F5EA1.e.2}]\nCapabilities {acceptInsecureCerts: false, browserName: chrome, browserVersion: 143.0.7499.41, chrome: {chromedriverVersion: 143.0.7499.40 (c23ff452476d..., userDataDir: C:\\Users\\BHARAT~1.T\\AppData...}, fedcm:accounts: true, goog:chromeOptions: {debuggerAddress: localhost:54621}, goog:processID: 35816, networkConnectionEnabled: false, pageLoadStrategy: normal, platformName: windows, proxy: Proxy(), se:cdp: ws://localhost:54621/devtoo..., se:cdpVersion: 143.0.7499.41, setWindowRect: true, strictFileInteractability: false, timeouts: {implicit: 0, pageLoad: 300000, script: 30000}, unhandledPromptBehavior: dismiss and notify, webauthn:extension:credBlob: true, webauthn:extension:largeBlob: true, webauthn:extension:minPinLength: true, webauthn:extension:prf: true, webauthn:virtualAuthenticators: true}\nElement: [[ChromeDriver: chrome on windows (5fc58704d4bc9f10d01a26fa849c3ccc)] -> css selector: input[type='search'], input[placeholder*='Search'], input[name*='search']]\nSession ID: 5fc58704d4bc9f10d01a26fa849c3ccc\r\n\tat java.base/jdk.internal.reflect.DirectConstructorHandleAccessor.newInstance(DirectConstructorHandleAccessor.java:62)\r\n\tat java.base/java.lang.reflect.Constructor.newInstanceWithCaller(Constructor.java:502)\r\n\tat java.base/java.lang.reflect.Constructor.newInstance(Constructor.java:486)\r\n\tat org.openqa.selenium.remote.ErrorCodec.decode(ErrorCodec.java:167)\r\n\tat org.openqa.selenium.remote.codec.w3c.W3CHttpResponseCodec.decode(W3CHttpResponseCodec.java:138)\r\n\tat org.openqa.selenium.remote.codec.w3c.W3CHttpResponseCodec.decode(W3CHttpResponseCodec.java:50)\r\n\tat org.openqa.selenium.remote.HttpCommandExecutor.execute(HttpCommandExecutor.java:190)\r\n\tat org.openqa.selenium.remote.service.DriverCommandExecutor.invokeExecute(DriverCommandExecutor.java:216)\r\n\tat org.openqa.selenium.remote.service.DriverCommandExecutor.execute(DriverCommandExecutor.java:174)\r\n\tat org.openqa.selenium.remote.RemoteWebDriver.execute(RemoteWebDriver.java:545)\r\n\tat org.openqa.selenium.remote.RemoteWebElement.execute(RemoteWebElement.java:223)\r\n\tat org.openqa.selenium.remote.RemoteWebElement.clear(RemoteWebElement.java:129)\r\n\tat pages.HomePage.searchFor(HomePage.java:19)\r\n\tat stepDefinitions.CheckoutSteps.user_searches_for(CheckoutSteps.java:28)\r\n\tat ✽.user searches for \"shoes\"(file:///D:/D%20Drive/Bharathi/VL%20Personal/WebAutomation/TheTrybeWebAutomation/src/test/resources/features/checkout.feature:6)\r\n"},"stage":"finished","steps":[],"attachments":[],"parameters":[],"start":1765373897400,"stop":1765373897466},{"name":"And  adds first product to cart","status":"skipped","statusDetails":{"known":false,"muted":false,"flaky":false},"stage":"finished","steps":[],"attachments":[],"parameters":[],"start":1765373897466,"stop":1765373897466},{"name":"And  proceeds to checkout","status":"skipped","statusDetails":{"known":false,"muted":false,"flaky":false},"stage":"finished","steps":[],"attachments":[],"parameters":[],"start":1765373897466,"stop":1765373897466},{"name":"Then  order should be placed successfully","status":"skipped","statusDetails":{"known":false,"muted":false,"flaky":false},"stage":"finished","steps":[],"attachments":[],"parameters":[],"start":1765373897466,"stop":1765373897466}],"attachments":[],"parameters":[],"start":1765373884385,"stop":1765373898568}