{"uuid":"fae88db9-5f4c-4551-8d7c-7e2e1e859a12","historyId":"91575a4b2d4abf0ce99393bf90d4eae9","fullName":"src/test/resources/features/invalidCheckout.feature:4","labels":[{"name":"tag","value":"regression"},{"name":"host","value":"VSPL0875"},{"name":"thread","value":"37132@VSPL0875.TestNG-PoolService-3(42)"},{"name":"feature","value":"Invalid Checkout"},{"name":"story","value":"Try placing order without filling billing form"},{"name":"suite","value":"Invalid Checkout"},{"name":"testClass","value":"Try placing order without filling billing form"},{"name":"framework","value":"cucumber4jvm"},{"name":"language","value":"java"},{"name":"gherkin_uri","value":"file:///D:/D%20Drive/Bharathi/VL%20Personal/WebAutomation/TheTrybeWebAutomation/src/test/resources/features/invalidCheckout.feature"},{"name":"package","value":"src.test.resources.features.invalidCheckout_feature.Invalid Checkout"}],"links":[],"name":"Try placing order without filling billing form","status":"broken","statusDetails":{"known":false,"muted":false,"flaky":false,"message":"unknown error: net::ERR_NETWORK_ACCESS_DENIED\n  (Session info: chrome=143.0.7499.41)\nBuild info: version: '4.25.0', revision: '8a8aea2337'\nSystem info: os.name: 'Windows 11', os.arch: 'amd64', os.version: '10.0', java.version: '21.0.9'\nDriver info: org.openqa.selenium.chrome.ChromeDriver\nCommand: [bb50cdab59e7650ce9c60140ff0916d9, get {url=https://staging.thetrybe.com.au}]\nCapabilities {acceptInsecureCerts: false, browserName: chrome, browserVersion: 143.0.7499.41, chrome: {chromedriverVersion: 143.0.7499.40 (c23ff452476d..., userDataDir: C:\\Users\\BHARAT~1.T\\AppData...}, fedcm:accounts: true, goog:chromeOptions: {debuggerAddress: localhost:55366}, goog:processID: 34764, networkConnectionEnabled: false, pageLoadStrategy: normal, platformName: windows, proxy: Proxy(), se:cdp: ws://localhost:55366/devtoo..., se:cdpVersion: 143.0.7499.41, setWindowRect: true, strictFileInteractability: false, timeouts: {implicit: 0, pageLoad: 300000, script: 30000}, unhandledPromptBehavior: dismiss and notify, webauthn:extension:credBlob: true, webauthn:extension:largeBlob: true, webauthn:extension:minPinLength: true, webauthn:extension:prf: true, webauthn:virtualAuthenticators: true}\nSession ID: bb50cdab59e7650ce9c60140ff0916d9","trace":"org.openqa.selenium.WebDriverException: unknown error: net::ERR_NETWORK_ACCESS_DENIED\n  (Session info: chrome=143.0.7499.41)\nBuild info: version: '4.25.0', revision: '8a8aea2337'\nSystem info: os.name: 'Windows 11', os.arch: 'amd64', os.version: '10.0', java.version: '21.0.9'\nDriver info: org.openqa.selenium.chrome.ChromeDriver\nCommand: [bb50cdab59e7650ce9c60140ff0916d9, get {url=https://staging.thetrybe.com.au}]\nCapabilities {acceptInsecureCerts: false, browserName: chrome, browserVersion: 143.0.7499.41, chrome: {chromedriverVersion: 143.0.7499.40 (c23ff452476d..., userDataDir: C:\\Users\\BHARAT~1.T\\AppData...}, fedcm:accounts: true, goog:chromeOptions: {debuggerAddress: localhost:55366}, goog:processID: 34764, networkConnectionEnabled: false, pageLoadStrategy: normal, platformName: windows, proxy: Proxy(), se:cdp: ws://localhost:55366/devtoo..., se:cdpVersion: 143.0.7499.41, setWindowRect: true, strictFileInteractability: false, timeouts: {implicit: 0, pageLoad: 300000, script: 30000}, unhandledPromptBehavior: dismiss and notify, webauthn:extension:credBlob: true, webauthn:extension:largeBlob: true, webauthn:extension:minPinLength: true, webauthn:extension:prf: true, webauthn:virtualAuthenticators: true}\nSession ID: bb50cdab59e7650ce9c60140ff0916d9\r\n\tat java.base/jdk.internal.reflect.DirectConstructorHandleAccessor.newInstance(DirectConstructorHandleAccessor.java:62)\r\n\tat java.base/java.lang.reflect.Constructor.newInstanceWithCaller(Constructor.java:502)\r\n\tat java.base/java.lang.reflect.Constructor.newInstance(Constructor.java:486)\r\n\tat org.openqa.selenium.remote.ErrorCodec.decode(ErrorCodec.java:167)\r\n\tat org.openqa.selenium.remote.codec.w3c.W3CHttpResponseCodec.decode(W3CHttpResponseCodec.java:138)\r\n\tat org.openqa.selenium.remote.codec.w3c.W3CHttpResponseCodec.decode(W3CHttpResponseCodec.java:50)\r\n\tat org.openqa.selenium.remote.HttpCommandExecutor.execute(HttpCommandExecutor.java:190)\r\n\tat org.openqa.selenium.remote.service.DriverCommandExecutor.invokeExecute(DriverCommandExecutor.java:216)\r\n\tat org.openqa.selenium.remote.service.DriverCommandExecutor.execute(DriverCommandExecutor.java:174)\r\n\tat org.openqa.selenium.remote.RemoteWebDriver.execute(RemoteWebDriver.java:545)\r\n\tat org.openqa.selenium.remote.RemoteWebDriver.get(RemoteWebDriver.java:313)\r\n\tat pages.HomePage.open(HomePage.java:15)\r\n\tat stepDefinitions.InvalidCheckoutSteps.user_has_product_in_cart(InvalidCheckoutSteps.java:20)\r\n\tat ✽.user has product in cart(file:///D:/D%20Drive/Bharathi/VL%20Personal/WebAutomation/TheTrybeWebAutomation/src/test/resources/features/invalidCheckout.feature:5)\r\n"},"stage":"finished","steps":[{"name":"Given  user has product in cart","status":"broken","statusDetails":{"known":false,"muted":false,"flaky":false,"message":"unknown error: net::ERR_NETWORK_ACCESS_DENIED\n  (Session info: chrome=143.0.7499.41)\nBuild info: version: '4.25.0', revision: '8a8aea2337'\nSystem info: os.name: 'Windows 11', os.arch: 'amd64', os.version: '10.0', java.version: '21.0.9'\nDriver info: org.openqa.selenium.chrome.ChromeDriver\nCommand: [bb50cdab59e7650ce9c60140ff0916d9, get {url=https://staging.thetrybe.com.au}]\nCapabilities {acceptInsecureCerts: false, browserName: chrome, browserVersion: 143.0.7499.41, chrome: {chromedriverVersion: 143.0.7499.40 (c23ff452476d..., userDataDir: C:\\Users\\BHARAT~1.T\\AppData...}, fedcm:accounts: true, goog:chromeOptions: {debuggerAddress: localhost:55366}, goog:processID: 34764, networkConnectionEnabled: false, pageLoadStrategy: normal, platformName: windows, proxy: Proxy(), se:cdp: ws://localhost:55366/devtoo..., se:cdpVersion: 143.0.7499.41, setWindowRect: true, strictFileInteractability: false, timeouts: {implicit: 0, pageLoad: 300000, script: 30000}, unhandledPromptBehavior: dismiss and notify, webauthn:extension:credBlob: true, webauthn:extension:largeBlob: true, webauthn:extension:minPinLength: true, webauthn:extension:prf: true, webauthn:virtualAuthenticators: true}\nSession ID: bb50cdab59e7650ce9c60140ff0916d9","trace":"org.openqa.selenium.WebDriverException: unknown error: net::ERR_NETWORK_ACCESS_DENIED\n  (Session info: chrome=143.0.7499.41)\nBuild info: version: '4.25.0', revision: '8a8aea2337'\nSystem info: os.name: 'Windows 11', os.arch: 'amd64', os.version: '10.0', java.version: '21.0.9'\nDriver info: org.openqa.selenium.chrome.ChromeDriver\nCommand: [bb50cdab59e7650ce9c60140ff0916d9, get {url=https://staging.thetrybe.com.au}]\nCapabilities {acceptInsecureCerts: false, browserName: chrome, browserVersion: 143.0.7499.41, chrome: {chromedriverVersion: 143.0.7499.40 (c23ff452476d..., userDataDir: C:\\Users\\BHARAT~1.T\\AppData...}, fedcm:accounts: true, goog:chromeOptions: {debuggerAddress: localhost:55366}, goog:processID: 34764, networkConnectionEnabled: false, pageLoadStrategy: normal, platformName: windows, proxy: Proxy(), se:cdp: ws://localhost:55366/devtoo..., se:cdpVersion: 143.0.7499.41, setWindowRect: true, strictFileInteractability: false, timeouts: {implicit: 0, pageLoad: 300000, script: 30000}, unhandledPromptBehavior: dismiss and notify, webauthn:extension:credBlob: true, webauthn:extension:largeBlob: true, webauthn:extension:minPinLength: true, webauthn:extension:prf: true, webauthn:virtualAuthenticators: true}\nSession ID: bb50cdab59e7650ce9c60140ff0916d9\r\n\tat java.base/jdk.internal.reflect.DirectConstructorHandleAccessor.newInstance(DirectConstructorHandleAccessor.java:62)\r\n\tat java.base/java.lang.reflect.Constructor.newInstanceWithCaller(Constructor.java:502)\r\n\tat java.base/java.lang.reflect.Constructor.newInstance(Constructor.java:486)\r\n\tat org.openqa.selenium.remote.ErrorCodec.decode(ErrorCodec.java:167)\r\n\tat org.openqa.selenium.remote.codec.w3c.W3CHttpResponseCodec.decode(W3CHttpResponseCodec.java:138)\r\n\tat org.openqa.selenium.remote.codec.w3c.W3CHttpResponseCodec.decode(W3CHttpResponseCodec.java:50)\r\n\tat org.openqa.selenium.remote.HttpCommandExecutor.execute(HttpCommandExecutor.java:190)\r\n\tat org.openqa.selenium.remote.service.DriverCommandExecutor.invokeExecute(DriverCommandExecutor.java:216)\r\n\tat org.openqa.selenium.remote.service.DriverCommandExecutor.execute(DriverCommandExecutor.java:174)\r\n\tat org.openqa.selenium.remote.RemoteWebDriver.execute(RemoteWebDriver.java:545)\r\n\tat org.openqa.selenium.remote.RemoteWebDriver.get(RemoteWebDriver.java:313)\r\n\tat pages.HomePage.open(HomePage.java:15)\r\n\tat stepDefinitions.InvalidCheckoutSteps.user_has_product_in_cart(InvalidCheckoutSteps.java:20)\r\n\tat ✽.user has product in cart(file:///D:/D%20Drive/Bharathi/VL%20Personal/WebAutomation/TheTrybeWebAutomation/src/test/resources/features/invalidCheckout.feature:5)\r\n"},"stage":"finished","steps":[],"attachments":[],"parameters":[],"start":1765306257998,"stop":1765306258610},{"name":"When  user tries to place order without filling billing information","status":"skipped","statusDetails":{"known":false,"muted":false,"flaky":false},"stage":"finished","steps":[],"attachments":[],"parameters":[],"start":1765306258611,"stop":1765306258611},{"name":"Then  validation errors must appear","status":"skipped","statusDetails":{"known":false,"muted":false,"flaky":false},"stage":"finished","steps":[],"attachments":[],"parameters":[],"start":1765306258612,"stop":1765306258612}],"attachments":[],"parameters":[],"start":1765306255218,"stop":1765306260107}