2025-12-10 00:20:23 [TestNG-PoolService-2] INFO  hooks.Hooks - Browser launched for scenario
2025-12-10 00:20:23 [TestNG-PoolService-3] INFO  hooks.Hooks - Browser launched for scenario
2025-12-10 00:20:23 [TestNG-PoolService-4] INFO  hooks.Hooks - Browser launched for scenario
2025-12-10 00:20:23 [TestNG-PoolService-1] INFO  hooks.Hooks - Browser launched for scenario
2025-12-10 00:20:23 [TestNG-PoolService-5] INFO  hooks.Hooks - Browser launched for scenario
2025-12-10 00:20:23 [TestNG-PoolService-5] INFO  stepDefinitions.CheckoutSteps - User navigated to home page
2025-12-10 00:20:33 [TestNG-PoolService-4] INFO  stepDefinitions.CheckoutSteps - User navigated to home page
2025-12-10 00:20:33 [TestNG-PoolService-1] INFO  stepDefinitions.CheckoutSteps - User navigated to home page
2025-12-10 00:20:36 [TestNG-PoolService-4] ERROR hooks.Hooks - Scenario FAILED → Screenshot captured
2025-12-10 00:20:36 [TestNG-PoolService-3] ERROR hooks.Hooks - Scenario FAILED → Screenshot captured
2025-12-10 00:20:37 [TestNG-PoolService-2] ERROR hooks.Hooks - Scenario FAILED → Screenshot captured
2025-12-10 00:20:37 [TestNG-PoolService-4] INFO  hooks.Hooks - Browser closed
2025-12-10 00:20:37 [TestNG-PoolService-3] INFO  hooks.Hooks - Browser closed
2025-12-10 00:20:38 [TestNG-PoolService-1] ERROR hooks.Hooks - Scenario FAILED → Screenshot captured
2025-12-10 00:20:38 [TestNG-PoolService-2] INFO  hooks.Hooks - Browser closed
2025-12-10 00:20:38 [TestNG-PoolService-5] ERROR hooks.Hooks - Screenshot error: Error communicating with the remote browser. It may have died.
Build info: version: '4.25.0', revision: '8a8aea2337'
System info: os.name: 'Windows 11', os.arch: 'amd64', os.version: '10.0', java.version: '21.0.9'
Driver info: org.openqa.selenium.chrome.ChromeDriver
Command: [4c58fae1957a512e94717d3be54d476c, screenshot []]
Capabilities {acceptInsecureCerts: false, browserName: chrome, browserVersion: 143.0.7499.41, chrome: {chromedriverVersion: 143.0.7499.40 (c23ff452476d..., userDataDir: C:\Users\BHARAT~1.T\AppData...}, fedcm:accounts: true, goog:chromeOptions: {debuggerAddress: localhost:57358}, goog:processID: 29628, networkConnectionEnabled: false, pageLoadStrategy: normal, platformName: windows, proxy: Proxy(), se:cdp: ws://localhost:57358/devtoo..., se:cdpVersion: 143.0.7499.41, setWindowRect: true, strictFileInteractability: false, timeouts: {implicit: 0, pageLoad: 300000, script: 30000}, unhandledPromptBehavior: dismiss and notify, webauthn:extension:credBlob: true, webauthn:extension:largeBlob: true, webauthn:extension:minPinLength: true, webauthn:extension:prf: true, webauthn:virtualAuthenticators: true}
Session ID: 4c58fae1957a512e94717d3be54d476c
2025-12-10 00:20:38 [TestNG-PoolService-1] INFO  hooks.Hooks - Browser closed
2025-12-10 00:20:39 [TestNG-PoolService-5] INFO  hooks.Hooks - Browser closed
2025-12-10 00:20:40 [TestNG-PoolService-4] INFO  hooks.Hooks - Browser launched for scenario
2025-12-10 00:20:40 [TestNG-PoolService-3] INFO  hooks.Hooks - Browser launched for scenario
2025-12-10 00:20:40 [TestNG-PoolService-2] INFO  hooks.Hooks - Browser launched for scenario
2025-12-10 00:20:41 [TestNG-PoolService-1] INFO  hooks.Hooks - Browser launched for scenario
2025-12-10 00:20:42 [TestNG-PoolService-5] INFO  hooks.Hooks - Browser launched for scenario
2025-12-10 00:20:46 [TestNG-PoolService-1] INFO  stepDefinitions.CheckoutSteps - User navigated to home page
2025-12-10 00:20:49 [TestNG-PoolService-5] INFO  stepDefinitions.CheckoutSteps - User navigated to home page
2025-12-10 00:20:49 [TestNG-PoolService-4] INFO  stepDefinitions.CheckoutSteps - User navigated to home page
2025-12-10 00:20:51 [TestNG-PoolService-2] ERROR hooks.Hooks - Scenario FAILED → Screenshot captured
2025-12-10 00:20:52 [TestNG-PoolService-1] ERROR hooks.Hooks - Scenario FAILED → Screenshot captured
2025-12-10 00:20:52 [TestNG-PoolService-4] ERROR hooks.Hooks - Scenario FAILED → Screenshot captured
2025-12-10 00:20:52 [TestNG-PoolService-3] ERROR hooks.Hooks - Scenario FAILED → Screenshot captured
2025-12-10 00:20:53 [TestNG-PoolService-5] ERROR hooks.Hooks - Scenario FAILED → Screenshot captured
2025-12-10 00:20:54 [TestNG-PoolService-2] INFO  hooks.Hooks - Browser closed
2025-12-10 00:20:54 [TestNG-PoolService-1] INFO  hooks.Hooks - Browser closed
2025-12-10 00:20:54 [TestNG-PoolService-5] INFO  hooks.Hooks - Browser closed
2025-12-10 00:20:55 [TestNG-PoolService-3] INFO  hooks.Hooks - Browser closed
2025-12-10 00:20:55 [TestNG-PoolService-4] INFO  hooks.Hooks - Browser closed
2025-12-10 00:20:56 [TestNG-PoolService-2] INFO  hooks.Hooks - Browser launched for scenario
2025-12-10 00:20:56 [TestNG-PoolService-5] INFO  hooks.Hooks - Browser launched for scenario
2025-12-10 00:20:57 [TestNG-PoolService-4] INFO  hooks.Hooks - Browser launched for scenario
2025-12-10 00:20:57 [TestNG-PoolService-3] INFO  hooks.Hooks - Browser launched for scenario
2025-12-10 00:20:58 [TestNG-PoolService-5] ERROR hooks.Hooks - Scenario FAILED → Screenshot captured
2025-12-10 00:20:58 [TestNG-PoolService-2] ERROR hooks.Hooks - Scenario FAILED → Screenshot captured
2025-12-10 00:20:59 [TestNG-PoolService-5] INFO  hooks.Hooks - Browser closed
2025-12-10 00:20:59 [TestNG-PoolService-5] ERROR listeners.TestListener - TEST FAILED → runScenario
2025-12-10 00:20:59 [TestNG-PoolService-3] ERROR hooks.Hooks - Scenario FAILED → Screenshot captured
2025-12-10 00:20:59 [TestNG-PoolService-2] INFO  hooks.Hooks - Browser closed
2025-12-10 00:20:59 [TestNG-PoolService-2] ERROR listeners.TestListener - TEST FAILED → runScenario
2025-12-10 00:20:59 [TestNG-PoolService-4] ERROR hooks.Hooks - Scenario FAILED → Screenshot captured
2025-12-10 00:20:59 [TestNG-PoolService-4] INFO  hooks.Hooks - Browser closed
2025-12-10 00:20:59 [TestNG-PoolService-4] ERROR listeners.TestListener - TEST FAILED → runScenario
2025-12-10 00:21:00 [TestNG-PoolService-3] INFO  hooks.Hooks - Browser closed
2025-12-10 00:21:00 [TestNG-PoolService-3] ERROR listeners.TestListener - TEST FAILED → runScenario
2025-12-10 00:21:45 [TestNG-PoolService-1] INFO  hooks.Hooks - Browser launched for scenario
2025-12-10 00:21:47 [TestNG-PoolService-1] ERROR hooks.Hooks - Scenario FAILED → Screenshot captured
2025-12-10 00:21:48 [TestNG-PoolService-1] INFO  hooks.Hooks - Browser closed
2025-12-10 00:21:48 [TestNG-PoolService-1] ERROR listeners.TestListener - TEST FAILED → runScenario
2025-12-10 13:02:09 [TestNG-PoolService-5] INFO  hooks.Hooks - Browser launched for scenario
2025-12-10 13:02:09 [TestNG-PoolService-4] INFO  hooks.Hooks - Browser launched for scenario
2025-12-10 13:02:10 [TestNG-PoolService-1] INFO  hooks.Hooks - Browser launched for scenario
2025-12-10 13:02:10 [TestNG-PoolService-2] INFO  hooks.Hooks - Browser launched for scenario
2025-12-10 13:02:11 [TestNG-PoolService-3] INFO  hooks.Hooks - Browser launched for scenario
2025-12-10 13:02:22 [TestNG-PoolService-5] INFO  stepDefinitions.CheckoutSteps - User navigated to home page
2025-12-10 13:02:23 [TestNG-PoolService-2] ERROR hooks.Hooks - Scenario FAILED → Screenshot captured
2025-12-10 13:02:24 [TestNG-PoolService-2] INFO  hooks.Hooks - Browser closed
2025-12-10 13:02:24 [TestNG-PoolService-5] ERROR hooks.Hooks - Scenario FAILED → Screenshot captured
2025-12-10 13:02:24 [TestNG-PoolService-5] INFO  hooks.Hooks - Browser closed
2025-12-10 13:02:25 [TestNG-PoolService-2] INFO  hooks.Hooks - Browser launched for scenario
2025-12-10 13:02:27 [TestNG-PoolService-5] INFO  hooks.Hooks - Browser launched for scenario
2025-12-10 13:02:34 [TestNG-PoolService-5] INFO  stepDefinitions.CheckoutSteps - User navigated to home page
2025-12-10 13:02:36 [TestNG-PoolService-5] ERROR hooks.Hooks - Scenario FAILED → Screenshot captured
2025-12-10 13:02:36 [TestNG-PoolService-5] INFO  hooks.Hooks - Browser closed
2025-12-10 13:02:36 [TestNG-PoolService-2] ERROR hooks.Hooks - Scenario FAILED → Screenshot captured
2025-12-10 13:02:37 [TestNG-PoolService-2] INFO  hooks.Hooks - Browser closed
2025-12-10 13:02:37 [TestNG-PoolService-5] INFO  hooks.Hooks - Browser launched for scenario
2025-12-10 13:02:38 [TestNG-PoolService-5] INFO  stepDefinitions.CheckoutSteps - User navigated to home page
2025-12-10 13:02:38 [TestNG-PoolService-2] INFO  hooks.Hooks - Browser launched for scenario
2025-12-10 13:02:50 [TestNG-PoolService-5] ERROR hooks.Hooks - Scenario FAILED → Screenshot captured
2025-12-10 13:02:50 [TestNG-PoolService-5] INFO  hooks.Hooks - Browser closed
2025-12-10 13:02:50 [TestNG-PoolService-5] ERROR listeners.TestListener - TEST FAILED → runScenario
2025-12-10 13:02:52 [TestNG-PoolService-2] ERROR hooks.Hooks - Scenario FAILED → Screenshot captured
2025-12-10 13:02:53 [TestNG-PoolService-2] INFO  hooks.Hooks - Browser closed
2025-12-10 13:02:53 [TestNG-PoolService-2] ERROR listeners.TestListener - TEST FAILED → runScenario
2025-12-10 13:24:30 [main] INFO  hooks.Hooks - Browser launched for scenario
2025-12-10 13:27:36 [main] ERROR hooks.Hooks - Scenario FAILED → Screenshot captured
2025-12-10 13:27:38 [main] INFO  hooks.Hooks - Browser closed
2025-12-10 13:27:39 [main] INFO  hooks.Hooks - Browser launched for scenario
2025-12-10 13:27:55 [main] INFO  stepDefinitions.CheckoutSteps - User navigated to home page
2025-12-10 13:27:56 [main] ERROR hooks.Hooks - Scenario FAILED → Screenshot captured
2025-12-10 13:27:56 [main] INFO  hooks.Hooks - Browser closed
2025-12-10 13:27:57 [main] INFO  hooks.Hooks - Browser launched for scenario
2025-12-10 13:28:03 [main] INFO  stepDefinitions.CheckoutSteps - User navigated to home page
2025-12-10 13:28:04 [main] ERROR hooks.Hooks - Scenario FAILED → Screenshot captured
2025-12-10 13:28:05 [main] INFO  hooks.Hooks - Browser closed
2025-12-10 13:28:05 [main] ERROR listeners.TestListener - TEST FAILED → runScenario
2025-12-10 13:28:06 [main] INFO  hooks.Hooks - Browser launched for scenario
2025-12-10 13:31:10 [main] ERROR hooks.Hooks - Scenario FAILED → Screenshot captured
2025-12-10 13:31:12 [main] INFO  hooks.Hooks - Browser closed
2025-12-10 13:31:13 [main] INFO  hooks.Hooks - Browser launched for scenario
2025-12-10 13:31:25 [main] ERROR hooks.Hooks - Scenario FAILED → Screenshot captured
2025-12-10 13:31:25 [main] INFO  hooks.Hooks - Browser closed
2025-12-10 13:31:26 [main] INFO  hooks.Hooks - Browser launched for scenario
2025-12-10 13:31:37 [main] ERROR hooks.Hooks - Scenario FAILED → Screenshot captured
2025-12-10 13:31:38 [main] INFO  hooks.Hooks - Browser closed
2025-12-10 13:31:38 [main] ERROR listeners.TestListener - TEST FAILED → runScenario
2025-12-10 13:31:39 [main] INFO  hooks.Hooks - Browser launched for scenario
2025-12-10 13:34:48 [main] ERROR hooks.Hooks - Scenario FAILED → Screenshot captured
2025-12-10 13:34:49 [main] INFO  hooks.Hooks - Browser closed
2025-12-10 13:34:50 [main] INFO  hooks.Hooks - Browser launched for scenario
2025-12-10 13:37:11 [main] ERROR hooks.Hooks - Scenario FAILED → Screenshot captured
2025-12-10 13:37:11 [main] INFO  hooks.Hooks - Browser closed
2025-12-10 13:37:12 [main] INFO  hooks.Hooks - Browser launched for scenario
2025-12-10 13:37:22 [main] ERROR hooks.Hooks - Scenario FAILED → Screenshot captured
2025-12-10 13:37:22 [main] INFO  hooks.Hooks - Browser closed
2025-12-10 13:37:22 [main] ERROR listeners.TestListener - TEST FAILED → runScenario
2025-12-10 13:37:24 [main] INFO  hooks.Hooks - Browser launched for scenario
2025-12-10 13:37:31 [main] INFO  stepDefinitions.CheckoutSteps - User navigated to home page
2025-12-10 13:37:32 [main] ERROR hooks.Hooks - Scenario FAILED → Screenshot captured
2025-12-10 13:37:32 [main] INFO  hooks.Hooks - Browser closed
2025-12-10 13:37:33 [main] INFO  hooks.Hooks - Browser launched for scenario
2025-12-10 13:37:42 [main] INFO  stepDefinitions.CheckoutSteps - User navigated to home page
2025-12-10 13:37:44 [main] ERROR hooks.Hooks - Scenario FAILED → Screenshot captured
2025-12-10 13:37:44 [main] INFO  hooks.Hooks - Browser closed
2025-12-10 13:37:45 [main] INFO  hooks.Hooks - Browser launched for scenario
2025-12-10 13:40:53 [main] ERROR hooks.Hooks - Scenario FAILED → Screenshot captured
2025-12-10 13:40:53 [main] INFO  hooks.Hooks - Browser closed
2025-12-10 13:40:53 [main] ERROR listeners.TestListener - TEST FAILED → runScenario
2025-12-10 13:40:54 [main] INFO  hooks.Hooks - Browser launched for scenario
2025-12-10 13:43:18 [main] INFO  stepDefinitions.CheckoutSteps - User navigated to home page
2025-12-10 13:43:19 [main] ERROR hooks.Hooks - Scenario FAILED → Screenshot captured
2025-12-10 13:43:19 [main] INFO  hooks.Hooks - Browser closed
2025-12-10 13:43:20 [main] INFO  hooks.Hooks - Browser launched for scenario
2025-12-10 13:46:25 [main] ERROR hooks.Hooks - Scenario FAILED → Screenshot captured
2025-12-10 13:46:26 [main] INFO  hooks.Hooks - Browser closed
2025-12-10 13:46:26 [main] INFO  hooks.Hooks - Browser launched for scenario
2025-12-10 13:46:33 [main] INFO  stepDefinitions.CheckoutSteps - User navigated to home page
2025-12-10 13:46:36 [main] ERROR hooks.Hooks - Scenario FAILED → Screenshot captured
2025-12-10 13:46:36 [main] INFO  hooks.Hooks - Browser closed
2025-12-10 13:46:36 [main] ERROR listeners.TestListener - TEST FAILED → runScenario
2025-12-10 19:08:06 [main] INFO  hooks.Hooks - Browser launched for scenario
2025-12-10 19:08:17 [main] INFO  stepDefinitions.CheckoutSteps - User navigated to home page
2025-12-10 19:08:18 [main] ERROR hooks.Hooks - Scenario FAILED → Screenshot captured
2025-12-10 19:08:18 [main] INFO  hooks.Hooks - Browser closed
2025-12-10 19:08:18 [main] ERROR listeners.TestListener - TEST FAILED → runScenario
2025-12-10 19:08:19 [main] INFO  hooks.Hooks - Browser launched for scenario
2025-12-10 19:11:26 [main] ERROR hooks.Hooks - Scenario FAILED → Screenshot captured
2025-12-10 19:11:26 [main] INFO  hooks.Hooks - Browser closed
2025-12-10 19:11:26 [main] ERROR listeners.TestListener - TEST FAILED → runScenario
2025-12-10 19:11:28 [main] INFO  hooks.Hooks - Browser launched for scenario
2025-12-10 19:16:28 [main] ERROR hooks.Hooks - Scenario FAILED → Screenshot captured
2025-12-10 19:16:28 [main] INFO  hooks.Hooks - Browser closed
2025-12-10 19:16:28 [main] ERROR listeners.TestListener - TEST FAILED → runScenario
2025-12-10 19:16:30 [main] INFO  hooks.Hooks - Browser launched for scenario
2025-12-10 19:16:41 [main] INFO  stepDefinitions.CheckoutSteps - User navigated to home page
2025-12-10 19:16:42 [main] ERROR hooks.Hooks - Scenario FAILED → Screenshot captured
2025-12-10 19:16:43 [main] INFO  hooks.Hooks - Browser closed
2025-12-10 19:16:43 [main] ERROR listeners.TestListener - TEST FAILED → runScenario
2025-12-10 19:16:44 [main] INFO  hooks.Hooks - Browser launched for scenario
2025-12-10 19:16:54 [main] INFO  stepDefinitions.CheckoutSteps - User navigated to home page
2025-12-10 19:16:55 [main] ERROR hooks.Hooks - Scenario FAILED → Screenshot captured
2025-12-10 19:16:55 [main] INFO  hooks.Hooks - Browser closed
2025-12-10 19:16:55 [main] ERROR listeners.TestListener - TEST FAILED → runScenario
2025-12-10 19:50:02 [main] INFO  hooks.Hooks - Browser launched for scenario
2025-12-10 19:55:02 [main] ERROR hooks.Hooks - Scenario FAILED → Screenshot captured
2025-12-10 19:55:03 [main] INFO  hooks.Hooks - Browser closed
2025-12-10 19:55:03 [main] ERROR listeners.TestListener - TEST FAILED → runScenario
2025-12-10 21:21:46 [main] INFO  hooks.Hooks - Browser launched for scenario
2025-12-10 21:21:59 [main] INFO  stepDefinitions.CheckoutSteps - User navigated to home page
2025-12-10 21:22:00 [main] INFO  hooks.Hooks - Browser closed
2025-12-10 22:01:02 [main] INFO  hooks.Hooks - Browser launched for scenario
2025-12-10 22:01:13 [main] INFO  stepDefinitions.CheckoutSteps - User navigated to home page
2025-12-10 22:01:23 [main] ERROR hooks.Hooks - Scenario FAILED → Screenshot captured
2025-12-10 22:01:24 [main] INFO  hooks.Hooks - Browser closed
2025-12-10 22:01:24 [main] ERROR listeners.TestListener - TEST FAILED → runScenario
2025-12-10 22:01:26 [main] INFO  hooks.Hooks - Browser launched for scenario
2025-12-10 22:01:46 [main] ERROR hooks.Hooks - Scenario FAILED → Screenshot captured
2025-12-10 22:01:46 [main] INFO  hooks.Hooks - Browser closed
2025-12-10 22:01:46 [main] ERROR listeners.TestListener - TEST FAILED → runScenario
2025-12-10 22:01:48 [main] INFO  hooks.Hooks - Browser launched for scenario
2025-12-10 22:02:09 [main] ERROR hooks.Hooks - Scenario FAILED → Screenshot captured
2025-12-10 22:02:09 [main] INFO  hooks.Hooks - Browser closed
2025-12-10 22:02:09 [main] ERROR listeners.TestListener - TEST FAILED → runScenario
2025-12-10 22:02:11 [main] INFO  hooks.Hooks - Browser launched for scenario
2025-12-10 22:02:20 [main] INFO  stepDefinitions.CheckoutSteps - User navigated to home page
2025-12-10 22:02:21 [main] INFO  hooks.Hooks - Browser closed
2025-12-10 22:02:22 [main] INFO  hooks.Hooks - Browser launched for scenario
2025-12-10 22:02:24 [main] INFO  stepDefinitions.CheckoutSteps - User navigated to home page
2025-12-10 22:02:35 [main] ERROR hooks.Hooks - Scenario FAILED → Screenshot captured
2025-12-10 22:02:35 [main] INFO  hooks.Hooks - Browser closed
2025-12-10 22:02:35 [main] ERROR listeners.TestListener - TEST FAILED → runScenario
2025-12-10 22:12:22 [main] INFO  hooks.Hooks - Browser launched for scenario
2025-12-10 22:12:42 [main] INFO  stepDefinitions.CheckoutSteps - User navigated to home page
2025-12-10 22:12:53 [main] ERROR hooks.Hooks - Scenario FAILED → Screenshot captured
2025-12-10 22:12:53 [main] INFO  hooks.Hooks - Browser closed
2025-12-10 22:12:53 [main] ERROR listeners.TestListener - TEST FAILED → runScenario
2025-12-10 22:12:54 [main] INFO  hooks.Hooks - Browser launched for scenario
2025-12-10 22:13:27 [main] ERROR hooks.Hooks - Scenario FAILED → Screenshot captured
2025-12-10 22:13:27 [main] INFO  hooks.Hooks - Browser closed
2025-12-10 22:13:27 [main] ERROR listeners.TestListener - TEST FAILED → runScenario
2025-12-10 22:13:29 [main] INFO  hooks.Hooks - Browser launched for scenario
2025-12-10 22:14:00 [main] ERROR hooks.Hooks - Scenario FAILED → Screenshot captured
2025-12-10 22:14:00 [main] INFO  hooks.Hooks - Browser closed
2025-12-10 22:14:00 [main] ERROR listeners.TestListener - TEST FAILED → runScenario
2025-12-10 22:14:02 [main] INFO  hooks.Hooks - Browser launched for scenario
2025-12-10 22:14:21 [main] INFO  stepDefinitions.CheckoutSteps - User navigated to home page
2025-12-10 22:14:21 [main] INFO  hooks.Hooks - Browser closed
2025-12-10 22:14:22 [main] INFO  hooks.Hooks - Browser launched for scenario
2025-12-10 22:14:40 [main] INFO  stepDefinitions.CheckoutSteps - User navigated to home page
2025-12-10 22:14:51 [main] ERROR hooks.Hooks - Scenario FAILED → Screenshot captured
2025-12-10 22:14:51 [main] INFO  hooks.Hooks - Browser closed
2025-12-10 22:14:51 [main] ERROR listeners.TestListener - TEST FAILED → runScenario
2025-12-10 22:16:21 [main] INFO  hooks.Hooks - Browser launched for scenario
2025-12-10 22:18:52 [main] INFO  stepDefinitions.CheckoutSteps - User navigated to home page
2025-12-10 22:18:52 [main] INFO  hooks.Hooks - Browser closed
2025-12-10 22:25:57 [main] INFO  hooks.Hooks - Browser launched for scenario
2025-12-10 22:26:14 [main] INFO  stepDefinitions.CheckoutSteps - User navigated to home page
2025-12-10 22:26:15 [main] INFO  hooks.Hooks - Browser closed
2025-12-10 22:35:07 [main] INFO  hooks.Hooks - Browser launched for scenario
2025-12-10 22:35:08 [main] ERROR hooks.Hooks - Scenario FAILED → Screenshot captured
2025-12-10 22:35:08 [main] INFO  hooks.Hooks - Browser closed
2025-12-10 22:35:08 [main] ERROR listeners.TestListener - TEST FAILED → runScenario
2025-12-10 22:38:39 [main] INFO  hooks.Hooks - Browser launched for scenario
2025-12-10 22:38:59 [main] INFO  stepDefinitions.CheckoutSteps - User navigated to home page
2025-12-10 22:39:00 [main] ERROR hooks.Hooks - Scenario FAILED → Screenshot captured
2025-12-10 22:39:01 [main] INFO  hooks.Hooks - Browser closed
2025-12-10 22:39:01 [main] ERROR listeners.TestListener - TEST FAILED → runScenario
2025-12-10 22:43:49 [main] INFO  hooks.Hooks - Browser launched for scenario
2025-12-10 22:45:31 [main] INFO  hooks.Hooks - Browser launched for scenario
2025-12-10 22:45:51 [main] INFO  stepDefinitions.CheckoutSteps - User navigated to home page
2025-12-10 22:45:52 [main] INFO  stepDefinitions.LoginSteps - Opened login page
2025-12-10 22:45:52 [main] INFO  hooks.Hooks - Browser closed
2025-12-10 22:52:13 [main] INFO  hooks.Hooks - Browser launched for scenario
2025-12-10 22:52:33 [main] INFO  stepDefinitions.CheckoutSteps - User navigated to home page
2025-12-10 22:52:39 [main] INFO  stepDefinitions.LoginSteps - Opened login page
2025-12-10 22:52:39 [main] INFO  hooks.Hooks - Browser closed
2025-12-10 23:01:57 [main] INFO  hooks.Hooks - Browser launched for scenario
2025-12-10 23:04:36 [main] INFO  hooks.Hooks - Browser launched for scenario
2025-12-10 23:04:56 [main] INFO  stepDefinitions.CheckoutSteps - User navigated to home page
2025-12-10 23:04:58 [main] INFO  stepDefinitions.LoginSteps - Opened login page
2025-12-10 23:04:59 [main] INFO  stepDefinitions.LoginSteps - User submitted login form
2025-12-10 23:05:00 [main] ERROR hooks.Hooks - Scenario FAILED → Screenshot captured
2025-12-10 23:05:00 [main] INFO  hooks.Hooks - Browser closed
2025-12-10 23:05:00 [main] ERROR listeners.TestListener - TEST FAILED → runScenario
2025-12-10 23:08:38 [main] INFO  hooks.Hooks - Browser launched for scenario
2025-12-10 23:08:59 [main] INFO  stepDefinitions.CheckoutSteps - User navigated to home page
2025-12-10 23:09:00 [main] INFO  stepDefinitions.LoginSteps - Opened login page
2025-12-10 23:09:02 [main] INFO  stepDefinitions.LoginSteps - User submitted login form
2025-12-10 23:09:03 [main] ERROR hooks.Hooks - Scenario FAILED → Screenshot captured
2025-12-10 23:09:03 [main] INFO  hooks.Hooks - Browser closed
2025-12-10 23:09:03 [main] ERROR listeners.TestListener - TEST FAILED → runScenario
2025-12-10 23:10:34 [main] INFO  hooks.Hooks - Browser launched for scenario
2025-12-10 23:11:36 [main] INFO  hooks.Hooks - Browser launched for scenario
2025-12-10 23:11:56 [main] INFO  stepDefinitions.CheckoutSteps - User navigated to home page
2025-12-10 23:11:57 [main] INFO  stepDefinitions.LoginSteps - Opened login page
2025-12-10 23:11:59 [main] INFO  stepDefinitions.LoginSteps - User submitted login form
2025-12-10 23:11:59 [main] ERROR hooks.Hooks - Scenario FAILED → Screenshot captured
2025-12-10 23:12:00 [main] INFO  hooks.Hooks - Browser closed
2025-12-10 23:12:00 [main] ERROR listeners.TestListener - TEST FAILED → runScenario
2025-12-10 23:28:30 [main] INFO  hooks.Hooks - Browser launched for scenario
2025-12-10 23:28:52 [main] INFO  stepDefinitions.CheckoutSteps - User navigated to home page
2025-12-10 23:28:54 [main] INFO  stepDefinitions.LoginSteps - Opened login page
2025-12-10 23:28:56 [main] INFO  stepDefinitions.LoginSteps - User submitted login form
2025-12-10 23:28:56 [main] ERROR hooks.Hooks - Scenario FAILED → Screenshot captured
2025-12-10 23:28:56 [main] INFO  hooks.Hooks - Browser closed
2025-12-10 23:28:56 [main] ERROR listeners.TestListener - TEST FAILED → runScenario
2025-12-10 23:31:36 [main] INFO  hooks.Hooks - Browser launched for scenario
2025-12-10 23:31:52 [main] INFO  stepDefinitions.CheckoutSteps - User navigated to home page
2025-12-10 23:31:53 [main] INFO  stepDefinitions.LoginSteps - Opened login page
2025-12-10 23:31:54 [main] INFO  stepDefinitions.LoginSteps - User submitted login form
2025-12-10 23:32:03 [main] INFO  stepDefinitions.LoginSteps - Login successful
2025-12-10 23:32:03 [main] INFO  stepDefinitions.LoginSteps - User logged out successfully
2025-12-10 23:32:04 [main] INFO  hooks.Hooks - Browser closed
